Arguments: 
  C:\Program Files\nodejs\node.exe C:\Program Files (x86)\Yarn\bin\yarn.js add pi-camera-codec

PATH: 
  C:\Program Files (x86)\PowerShell\7;C:\Program Files (x86)\Common Files\Oracle\Java\javapath;C:\Python38\Scripts\;C:\Python38\;C:\WINDOWS\system32;C:\WINDOWS;C:\WINDOWS\System32\Wbem;C:\WINDOWS\System32\WindowsPowerShell\v1.0\;C:\WINDOWS\System32\OpenSSH\;C:\Program Files\nodejs\;C:\ProgramData\chocolatey\bin;C:\Program Files\dotnet\;C:\Program Files\PuTTY\;C:\Program Files\Amazon\AWSCLIV2\;C:\Program Files (x86)\Yarn\bin\;C:\Program Files (x86)\GTK2-Runtime\bin;C:\Program Files (x86)\PowerShell\7\;C:\Program Files\Git\cmd;C:\Users\tinca\AppData\Local\Microsoft\WindowsApps;C:\Users\tinca\AppData\Local\Programs\Microsoft VS Code\bin;C:\Users\tinca\AppData\Roaming\npm;C:\Program Files\JetBrains\WebStorm 2020.1.1\bin;C:\Users\tinca\AppData\Local\GitHubDesktop\bin;C:\Users\tinca\Downloads\youtube-dl.exe;C:\Users\tinca\AppData\Local\Yarn\bin;C:\MinGW\bin;C:\Program Files\mysql-shell-8.0.20-windows-x86-64bit\bin\mysqlsh.exe;C:\Windows\System32\OpenSSH;

Yarn version: 
  1.22.4

Node version: 
  12.16.3

Platform: 
  win32 x64

Trace: 
  Error: https://registry.yarnpkg.com/pi-camera-codec: Not found
      at Request.params.callback [as _callback] (C:\Program Files (x86)\Yarn\lib\cli.js:66096:18)
      at Request.self.callback (C:\Program Files (x86)\Yarn\lib\cli.js:140748:22)
      at Request.emit (events.js:310:20)
      at Request.<anonymous> (C:\Program Files (x86)\Yarn\lib\cli.js:141720:10)
      at Request.emit (events.js:310:20)
      at IncomingMessage.<anonymous> (C:\Program Files (x86)\Yarn\lib\cli.js:141642:12)
      at Object.onceWrapper (events.js:416:28)
      at IncomingMessage.emit (events.js:322:22)
      at endReadableNT (_stream_readable.js:1187:12)
      at processTicksAndRejections (internal/process/task_queues.js:84:21)

npm manifest: 
  {
    "name": "pi-camera",
    "version": "1.0.0",
    "main": "index.js",
    "license": "MIT"
  }

yarn manifest: 
  No manifest

Lockfile: 
  No lockfile
